<?xml version="1.0" encoding="UTF-8"?>
<!-- Generated by org.testng.reporters.JUnitReportReporter -->
<testsuite hostname="LAPTOP-1P281OBL" failures="0" tests="2" name="qaclickacademy.AppiumTest$SeleniumTest" time="0.015" errors="0" timestamp="13 Apr 2020 11:42:58 GMT" skipped="0">
  <testcase classname="qaclickacademy.AppiumTest$SeleniumTest" name="IOSApps" time="0.014"/>
  <testcase classname="qaclickacademy.AppiumTest$SeleniumTest" name="NativeAppAndroid" time="0.001"/>
</testsuite> <!-- qaclickacademy.AppiumTest$SeleniumTest -->
