<?xml version="1.0" encoding="UTF-8"?>
<!-- Generated by org.testng.reporters.JUnitReportReporter -->
<testsuite hostname="LAPTOP-1P281OBL" failures="0" tests="2" name="qaclickacademy.SeleniumTest" time="0.000" errors="0" timestamp="13 Apr 2020 11:42:58 GMT" skipped="0">
  <testcase classname="qaclickacademy.SeleniumTest" name="ElementsUI" time="0.000"/>
  <testcase classname="qaclickacademy.SeleniumTest" name="BrowserAutomation" time="0.000"/>
</testsuite> <!-- qaclickacademy.SeleniumTest -->
